Determining if the pthread_create exist failed with the following output:
Change Dir: /mnt/c/Dev/Bachelor/PointCloudVisualizer/AzureKinect/PCL/build_linux/CMakeFiles/CMakeTmp

Run Build Command:"/usr/bin/make" "cmTC_90343/fast"
/usr/bin/make -f CMakeFiles/cmTC_90343.dir/build.make CMakeFiles/cmTC_90343.dir/build
make[1]: Entering directory '/mnt/c/Dev/Bachelor/PointCloudVisualizer/AzureKinect/PCL/build_linux/CMakeFiles/CMakeTmp'
Building C object CMakeFiles/cmTC_90343.dir/CheckSymbolExists.c.o
/usr/bin/cc    -o CMakeFiles/cmTC_90343.dir/CheckSymbolExists.c.o   -c /mnt/c/Dev/Bachelor/PointCloudVisualizer/AzureKinect/PCL/build_linux/CMakeFiles/CMakeTmp/CheckSymbolExists.c
Linking C executable cmTC_90343
/usr/bin/cmake -E cmake_link_script CMakeFiles/cmTC_90343.dir/link.txt --verbose=1
/usr/bin/cc      -rdynamic CMakeFiles/cmTC_90343.dir/CheckSymbolExists.c.o  -o cmTC_90343 
CMakeFiles/cmTC_90343.dir/CheckSymbolExists.c.o: In function `main':
CheckSymbolExists.c:(.text+0x1b): undefined reference to `pthread_create'
collect2: error: ld returned 1 exit status
CMakeFiles/cmTC_90343.dir/build.make:97: recipe for target 'cmTC_90343' failed
make[1]: *** [cmTC_90343] Error 1
make[1]: Leaving directory '/mnt/c/Dev/Bachelor/PointCloudVisualizer/AzureKinect/PCL/build_linux/CMakeFiles/CMakeTmp'
Makefile:126: recipe for target 'cmTC_90343/fast' failed
make: *** [cmTC_90343/fast] Error 2

File /mnt/c/Dev/Bachelor/PointCloudVisualizer/AzureKinect/PCL/build_linux/CMakeFiles/CMakeTmp/CheckSymbolExists.c:
/* */
#include <pthread.h>

int main(int argc, char** argv)
{
  (void)argv;
#ifndef pthread_create
  return ((int*)(&pthread_create))[argc];
#else
  (void)argc;
  return 0;
#endif
}

Determining if the function pthread_create exists in the pthreads failed with the following output:
Change Dir: /mnt/c/Dev/Bachelor/PointCloudVisualizer/AzureKinect/PCL/build_linux/CMakeFiles/CMakeTmp

Run Build Command:"/usr/bin/make" "cmTC_8e152/fast"
/usr/bin/make -f CMakeFiles/cmTC_8e152.dir/build.make CMakeFiles/cmTC_8e152.dir/build
make[1]: Entering directory '/mnt/c/Dev/Bachelor/PointCloudVisualizer/AzureKinect/PCL/build_linux/CMakeFiles/CMakeTmp'
Building C object CMakeFiles/cmTC_8e152.dir/CheckFunctionExists.c.o
/usr/bin/cc   -DCHECK_FUNCTION_EXISTS=pthread_create   -o CMakeFiles/cmTC_8e152.dir/CheckFunctionExists.c.o   -c /usr/share/cmake-3.10/Modules/CheckFunctionExists.c
Linking C executable cmTC_8e152
/usr/bin/cmake -E cmake_link_script CMakeFiles/cmTC_8e152.dir/link.txt --verbose=1
/usr/bin/cc  -DCHECK_FUNCTION_EXISTS=pthread_create    -rdynamic CMakeFiles/cmTC_8e152.dir/CheckFunctionExists.c.o  -o cmTC_8e152 -lpthreads 
/usr/bin/ld: cannot find -lpthreads
collect2: error: ld returned 1 exit status
CMakeFiles/cmTC_8e152.dir/build.make:97: recipe for target 'cmTC_8e152' failed
make[1]: *** [cmTC_8e152] Error 1
make[1]: Leaving directory '/mnt/c/Dev/Bachelor/PointCloudVisualizer/AzureKinect/PCL/build_linux/CMakeFiles/CMakeTmp'
Makefile:126: recipe for target 'cmTC_8e152/fast' failed
make: *** [cmTC_8e152/fast] Error 2


